
*** Running vivado
    with args -log system_dlmb_v10_0.vds -m64 -product Vivado -mode batch -messageDb vivado.pb -notrace -source system_dlmb_v10_0.tcl


ECHO is off.
ECHO is off.

****** Vivado v2023.2 (64-bit)
  **** SW Build 4029153 on Fri Oct 13 20:14:34 MDT 2023
  **** IP Build 4028589 on Sat Oct 14 00:45:43 MDT 2023
  **** SharedData Build 4025554 on Tue Oct 10 17:18:54 MDT 2023
    ** Copyright 1986-2022 Xilinx, Inc. All Rights Reserved.
    ** Copyright 2022-2023 Advanced Micro Devices, Inc. All Rights Reserved.

source system_dlmb_v10_0.tcl -notrace
create_project: Time (s): cpu = 00:00:07 ; elapsed = 00:00:07 . Memory (MB): peak = 485.367 ; gain = 181.316
INFO: [IP_Flow 19-6924] IPCACHE: Running cache check for IP inst: system_dlmb_v10_0
INFO: [IP_Flow 19-6922] IPCACHE: Exporting cached entry 9d02d532e39f3568 to dir: C:/Users/alumn/Documents/UNSAM/PFI/TDC/Quick_tests/MicroBlazeTest/MicroBlazeTest.runs/system_dlmb_v10_0_synth_1
INFO: [IP_Flow 19-6928] IPCACHE: copied cached file c:/Users/alumn/Documents/UNSAM/PFI/TDC/Quick_tests/MicroBlazeTest/MicroBlazeTest.cache/ip/2023.2/9/d/9d02d532e39f3568/system_ilmb_v10_0.dcp to C:/Users/alumn/Documents/UNSAM/PFI/TDC/Quick_tests/MicroBlazeTest/MicroBlazeTest.runs/system_dlmb_v10_0_synth_1/system_dlmb_v10_0.dcp.
INFO: [IP_Flow 19-6928] IPCACHE: copied cached file c:/Users/alumn/Documents/UNSAM/PFI/TDC/Quick_tests/MicroBlazeTest/MicroBlazeTest.cache/ip/2023.2/9/d/9d02d532e39f3568/system_ilmb_v10_0_sim_netlist.v to C:/Users/alumn/Documents/UNSAM/PFI/TDC/Quick_tests/MicroBlazeTest/MicroBlazeTest.runs/system_dlmb_v10_0_synth_1/system_dlmb_v10_0_sim_netlist.v.
INFO: [IP_Flow 19-6928] IPCACHE: copied cached file c:/Users/alumn/Documents/UNSAM/PFI/TDC/Quick_tests/MicroBlazeTest/MicroBlazeTest.cache/ip/2023.2/9/d/9d02d532e39f3568/system_ilmb_v10_0_sim_netlist.vhdl to C:/Users/alumn/Documents/UNSAM/PFI/TDC/Quick_tests/MicroBlazeTest/MicroBlazeTest.runs/system_dlmb_v10_0_synth_1/system_dlmb_v10_0_sim_netlist.vhdl.
INFO: [IP_Flow 19-6928] IPCACHE: copied cached file c:/Users/alumn/Documents/UNSAM/PFI/TDC/Quick_tests/MicroBlazeTest/MicroBlazeTest.cache/ip/2023.2/9/d/9d02d532e39f3568/system_ilmb_v10_0_stub.v to C:/Users/alumn/Documents/UNSAM/PFI/TDC/Quick_tests/MicroBlazeTest/MicroBlazeTest.runs/system_dlmb_v10_0_synth_1/system_dlmb_v10_0_stub.v.
INFO: [IP_Flow 19-6928] IPCACHE: copied cached file c:/Users/alumn/Documents/UNSAM/PFI/TDC/Quick_tests/MicroBlazeTest/MicroBlazeTest.cache/ip/2023.2/9/d/9d02d532e39f3568/system_ilmb_v10_0_stub.vhdl to C:/Users/alumn/Documents/UNSAM/PFI/TDC/Quick_tests/MicroBlazeTest/MicroBlazeTest.runs/system_dlmb_v10_0_synth_1/system_dlmb_v10_0_stub.vhdl.
INFO: [IP_Flow 19-4838] Using cached IP synthesis design for IP system_dlmb_v10_0, cache-ID = 9d02d532e39f3568.
INFO: [Common 17-206] Exiting Vivado at Mon Apr 21 14:47:29 2025...
