
*** Running vivado
    with args -log system_auto_us_0.vds -m64 -product Vivado -mode batch -messageDb vivado.pb -notrace -source system_auto_us_0.tcl



****** Vivado v2023.2 (64-bit)
  **** SW Build 4029153 on Fri Oct 13 20:14:34 MDT 2023
  **** IP Build 4028589 on Sat Oct 14 00:45:43 MDT 2023
  **** SharedData Build 4025554 on Tue Oct 10 17:18:54 MDT 2023
    ** Copyright 1986-2022 Xilinx, Inc. All Rights Reserved.
    ** Copyright 2022-2023 Advanced Micro Devices, Inc. All Rights Reserved.

source system_auto_us_0.tcl -notrace
create_project: Time (s): cpu = 00:00:08 ; elapsed = 00:00:08 . Memory (MB): peak = 565.559 ; gain = 181.957
INFO: [IP_Flow 19-234] Refreshing IP repositories
INFO: [IP_Flow 19-1700] Loaded user IP repository 'c:/Users/alumn/Documents/UNSAM/PFI/TDC/Full_TDC_Project/ip_packager'.
INFO: [IP_Flow 19-2313] Loaded Vivado IP repository 'C:/Xilinx/Vivado/2023.2/data/ip'.
WARNING: [IP_Flow 19-4995] The host OS only allows 260 characters in a normal path. The IP cache path is more than 80 characters. If you experience issues with IP caching, please consider changing the IP cache to a location with a shorter path. Alternately consider using the OS subst command to map part of the path to a drive letter. 
Current IP cache path is c:/Users/alumn/Documents/UNSAM/PFI/TDC/Full_TDC_Project/Arty_TDC_v05/Arty_TDC_v05.cache/ip 
INFO: [IP_Flow 19-6924] IPCACHE: Running cache check for IP inst: system_auto_us_0
Command: synth_design -top system_auto_us_0 -part xc7a35ticsg324-1L -incremental_mode off -mode out_of_context
Starting synth_design
Attempting to get a license for feature 'Synthesis' and/or device 'xc7a35ti'
INFO: [Common 17-349] Got license for feature 'Synthesis' and/or device 'xc7a35ti'
INFO: [Device 21-403] Loading part xc7a35ticsg324-1L
INFO: [Synth 8-7079] Multithreading enabled for synth_design using a maximum of 2 processes.
INFO: [Synth 8-7078] Launching helper process for spawning children vivado processes
INFO: [Synth 8-7075] Helper process launched with PID 3280
---------------------------------------------------------------------------------
Starting RTL Elaboration : Time (s): cpu = 00:00:10 ; elapsed = 00:00:11 . Memory (MB): peak = 1413.148 ; gain = 439.012
---------------------------------------------------------------------------------
INFO: [Synth 8-6157] synthesizing module 'system_auto_us_0' [c:/Users/alumn/Documents/UNSAM/PFI/TDC/Full_TDC_Project/Arty_TDC_v05/Arty_TDC_v05.gen/sources_1/bd/system/ip/system_auto_us_0/synth/system_auto_us_0.v:53]
INFO: [Synth 8-6157] synthesizing module 'axi_dwidth_converter_v2_1_29_top' [c:/Users/alumn/Documents/UNSAM/PFI/TDC/Full_TDC_Project/Arty_TDC_v05/Arty_TDC_v05.gen/sources_1/bd/system/ipshared/670d/hdl/axi_dwidth_converter_v2_1_vlsyn_rfs.v:14446]
INFO: [Synth 8-6157] synthesizing module 'axi_dwidth_converter_v2_1_29_axi_upsizer' [c:/Users/alumn/Documents/UNSAM/PFI/TDC/Full_TDC_Project/Arty_TDC_v05/Arty_TDC_v05.gen/sources_1/bd/system/ipshared/670d/hdl/axi_dwidth_converter_v2_1_vlsyn_rfs.v:7025]
INFO: [Synth 8-6157] synthesizing module 'axi_dwidth_converter_v2_1_29_w_upsizer' [c:/Users/alumn/Documents/UNSAM/PFI/TDC/Full_TDC_Project/Arty_TDC_v05/Arty_TDC_v05.gen/sources_1/bd/system/ipshared/670d/hdl/axi_dwidth_converter_v2_1_vlsyn_rfs.v:5552]
INFO: [Synth 8-6155] done synthesizing module 'axi_dwidth_converter_v2_1_29_w_upsizer' (0#1) [c:/Users/alumn/Documents/UNSAM/PFI/TDC/Full_TDC_Project/Arty_TDC_v05/Arty_TDC_v05.gen/sources_1/bd/system/ipshared/670d/hdl/axi_dwidth_converter_v2_1_vlsyn_rfs.v:5552]
INFO: [Synth 8-6157] synthesizing module 'axi_dwidth_converter_v2_1_29_a_upsizer' [c:/Users/alumn/Documents/UNSAM/PFI/TDC/Full_TDC_Project/Arty_TDC_v05/Arty_TDC_v05.gen/sources_1/bd/system/ipshared/670d/hdl/axi_dwidth_converter_v2_1_vlsyn_rfs.v:3594]
INFO: [Synth 8-6157] synthesizing module 'generic_baseblocks_v2_1_1_command_fifo' [c:/Users/alumn/Documents/UNSAM/PFI/TDC/Full_TDC_Project/Arty_TDC_v05/Arty_TDC_v05.gen/sources_1/bd/system/ipshared/10ab/hdl/generic_baseblocks_v2_1_vl_rfs.v:648]
INFO: [Synth 8-6155] done synthesizing module 'generic_baseblocks_v2_1_1_command_fifo' (0#1) [c:/Users/alumn/Documents/UNSAM/PFI/TDC/Full_TDC_Project/Arty_TDC_v05/Arty_TDC_v05.gen/sources_1/bd/system/ipshared/10ab/hdl/generic_baseblocks_v2_1_vl_rfs.v:648]
INFO: [Synth 8-6155] done synthesizing module 'axi_dwidth_converter_v2_1_29_a_upsizer' (0#1) [c:/Users/alumn/Documents/UNSAM/PFI/TDC/Full_TDC_Project/Arty_TDC_v05/Arty_TDC_v05.gen/sources_1/bd/system/ipshared/670d/hdl/axi_dwidth_converter_v2_1_vlsyn_rfs.v:3594]
INFO: [Synth 8-6157] synthesizing module 'axi_dwidth_converter_v2_1_29_r_upsizer' [c:/Users/alumn/Documents/UNSAM/PFI/TDC/Full_TDC_Project/Arty_TDC_v05/Arty_TDC_v05.gen/sources_1/bd/system/ipshared/670d/hdl/axi_dwidth_converter_v2_1_vlsyn_rfs.v:4643]
INFO: [Synth 8-6155] done synthesizing module 'axi_dwidth_converter_v2_1_29_r_upsizer' (0#1) [c:/Users/alumn/Documents/UNSAM/PFI/TDC/Full_TDC_Project/Arty_TDC_v05/Arty_TDC_v05.gen/sources_1/bd/system/ipshared/670d/hdl/axi_dwidth_converter_v2_1_vlsyn_rfs.v:4643]
INFO: [Synth 8-6157] synthesizing module 'axi_register_slice_v2_1_29_axi_register_slice' [c:/Users/alumn/Documents/UNSAM/PFI/TDC/Full_TDC_Project/Arty_TDC_v05/Arty_TDC_v05.gen/sources_1/bd/system/ipshared/ff9f/hdl/axi_register_slice_v2_1_vl_rfs.v:3718]
INFO: [Synth 8-6157] synthesizing module 'axi_infrastructure_v1_1_0_axi2vector' [c:/Users/alumn/Documents/UNSAM/PFI/TDC/Full_TDC_Project/Arty_TDC_v05/Arty_TDC_v05.gen/sources_1/bd/system/ipshared/ec67/hdl/axi_infrastructure_v1_1_vl_rfs.v:59]
INFO: [Synth 8-6155] done synthesizing module 'axi_infrastructure_v1_1_0_axi2vector' (0#1) [c:/Users/alumn/Documents/UNSAM/PFI/TDC/Full_TDC_Project/Arty_TDC_v05/Arty_TDC_v05.gen/sources_1/bd/system/ipshared/ec67/hdl/axi_infrastructure_v1_1_vl_rfs.v:59]
INFO: [Synth 8-6157] synthesizing module 'axi_infrastructure_v1_1_0_vector2axi' [c:/Users/alumn/Documents/UNSAM/PFI/TDC/Full_TDC_Project/Arty_TDC_v05/Arty_TDC_v05.gen/sources_1/bd/system/ipshared/ec67/hdl/axi_infrastructure_v1_1_vl_rfs.v:473]
INFO: [Synth 8-6155] done synthesizing module 'axi_infrastructure_v1_1_0_vector2axi' (0#1) [c:/Users/alumn/Documents/UNSAM/PFI/TDC/Full_TDC_Project/Arty_TDC_v05/Arty_TDC_v05.gen/sources_1/bd/system/ipshared/ec67/hdl/axi_infrastructure_v1_1_vl_rfs.v:473]
INFO: [Synth 8-6157] synthesizing module 'axi_register_slice_v2_1_29_axic_register_slice' [c:/Users/alumn/Documents/UNSAM/PFI/TDC/Full_TDC_Project/Arty_TDC_v05/Arty_TDC_v05.gen/sources_1/bd/system/ipshared/ff9f/hdl/axi_register_slice_v2_1_vl_rfs.v:1492]
INFO: [Synth 8-6155] done synthesizing module 'axi_register_slice_v2_1_29_axic_register_slice' (0#1) [c:/Users/alumn/Documents/UNSAM/PFI/TDC/Full_TDC_Project/Arty_TDC_v05/Arty_TDC_v05.gen/sources_1/bd/system/ipshared/ff9f/hdl/axi_register_slice_v2_1_vl_rfs.v:1492]
INFO: [Synth 8-6157] synthesizing module 'axi_register_slice_v2_1_29_axic_register_slice__parameterized0' [c:/Users/alumn/Documents/UNSAM/PFI/TDC/Full_TDC_Project/Arty_TDC_v05/Arty_TDC_v05.gen/sources_1/bd/system/ipshared/ff9f/hdl/axi_register_slice_v2_1_vl_rfs.v:1492]
INFO: [Synth 8-6155] done synthesizing module 'axi_register_slice_v2_1_29_axic_register_slice__parameterized0' (0#1) [c:/Users/alumn/Documents/UNSAM/PFI/TDC/Full_TDC_Project/Arty_TDC_v05/Arty_TDC_v05.gen/sources_1/bd/system/ipshared/ff9f/hdl/axi_register_slice_v2_1_vl_rfs.v:1492]
INFO: [Synth 8-6157] synthesizing module 'axi_register_slice_v2_1_29_axic_register_slice__parameterized1' [c:/Users/alumn/Documents/UNSAM/PFI/TDC/Full_TDC_Project/Arty_TDC_v05/Arty_TDC_v05.gen/sources_1/bd/system/ipshared/ff9f/hdl/axi_register_slice_v2_1_vl_rfs.v:1492]
INFO: [Synth 8-6155] done synthesizing module 'axi_register_slice_v2_1_29_axic_register_slice__parameterized1' (0#1) [c:/Users/alumn/Documents/UNSAM/PFI/TDC/Full_TDC_Project/Arty_TDC_v05/Arty_TDC_v05.gen/sources_1/bd/system/ipshared/ff9f/hdl/axi_register_slice_v2_1_vl_rfs.v:1492]
INFO: [Synth 8-6157] synthesizing module 'axi_register_slice_v2_1_29_axic_register_slice__parameterized2' [c:/Users/alumn/Documents/UNSAM/PFI/TDC/Full_TDC_Project/Arty_TDC_v05/Arty_TDC_v05.gen/sources_1/bd/system/ipshared/ff9f/hdl/axi_register_slice_v2_1_vl_rfs.v:1492]
INFO: [Synth 8-6155] done synthesizing module 'axi_register_slice_v2_1_29_axic_register_slice__parameterized2' (0#1) [c:/Users/alumn/Documents/UNSAM/PFI/TDC/Full_TDC_Project/Arty_TDC_v05/Arty_TDC_v05.gen/sources_1/bd/system/ipshared/ff9f/hdl/axi_register_slice_v2_1_vl_rfs.v:1492]
INFO: [Synth 8-6155] done synthesizing module 'axi_register_slice_v2_1_29_axi_register_slice' (0#1) [c:/Users/alumn/Documents/UNSAM/PFI/TDC/Full_TDC_Project/Arty_TDC_v05/Arty_TDC_v05.gen/sources_1/bd/system/ipshared/ff9f/hdl/axi_register_slice_v2_1_vl_rfs.v:3718]
WARNING: [Synth 8-7071] port 'aclk2x' of module 'axi_register_slice_v2_1_29_axi_register_slice' is unconnected for instance 'mi_register_slice_inst' [c:/Users/alumn/Documents/UNSAM/PFI/TDC/Full_TDC_Project/Arty_TDC_v05/Arty_TDC_v05.gen/sources_1/bd/system/ipshared/670d/hdl/axi_dwidth_converter_v2_1_vlsyn_rfs.v:8463]
WARNING: [Synth 8-7023] instance 'mi_register_slice_inst' of module 'axi_register_slice_v2_1_29_axi_register_slice' has 93 connections declared, but only 92 given [c:/Users/alumn/Documents/UNSAM/PFI/TDC/Full_TDC_Project/Arty_TDC_v05/Arty_TDC_v05.gen/sources_1/bd/system/ipshared/670d/hdl/axi_dwidth_converter_v2_1_vlsyn_rfs.v:8463]
INFO: [Synth 8-6157] synthesizing module 'axi_dwidth_converter_v2_1_29_a_upsizer__parameterized0' [c:/Users/alumn/Documents/UNSAM/PFI/TDC/Full_TDC_Project/Arty_TDC_v05/Arty_TDC_v05.gen/sources_1/bd/system/ipshared/670d/hdl/axi_dwidth_converter_v2_1_vlsyn_rfs.v:3594]
INFO: [Synth 8-6155] done synthesizing module 'axi_dwidth_converter_v2_1_29_a_upsizer__parameterized0' (0#1) [c:/Users/alumn/Documents/UNSAM/PFI/TDC/Full_TDC_Project/Arty_TDC_v05/Arty_TDC_v05.gen/sources_1/bd/system/ipshared/670d/hdl/axi_dwidth_converter_v2_1_vlsyn_rfs.v:3594]
INFO: [Synth 8-6157] synthesizing module 'axi_register_slice_v2_1_29_axi_register_slice__parameterized0' [c:/Users/alumn/Documents/UNSAM/PFI/TDC/Full_TDC_Project/Arty_TDC_v05/Arty_TDC_v05.gen/sources_1/bd/system/ipshared/ff9f/hdl/axi_register_slice_v2_1_vl_rfs.v:3718]
INFO: [Synth 8-6157] synthesizing module 'axi_infrastructure_v1_1_0_axi2vector__parameterized0' [c:/Users/alumn/Documents/UNSAM/PFI/TDC/Full_TDC_Project/Arty_TDC_v05/Arty_TDC_v05.gen/sources_1/bd/system/ipshared/ec67/hdl/axi_infrastructure_v1_1_vl_rfs.v:59]
INFO: [Synth 8-6155] done synthesizing module 'axi_infrastructure_v1_1_0_axi2vector__parameterized0' (0#1) [c:/Users/alumn/Documents/UNSAM/PFI/TDC/Full_TDC_Project/Arty_TDC_v05/Arty_TDC_v05.gen/sources_1/bd/system/ipshared/ec67/hdl/axi_infrastructure_v1_1_vl_rfs.v:59]
INFO: [Synth 8-6157] synthesizing module 'axi_infrastructure_v1_1_0_vector2axi__parameterized0' [c:/Users/alumn/Documents/UNSAM/PFI/TDC/Full_TDC_Project/Arty_TDC_v05/Arty_TDC_v05.gen/sources_1/bd/system/ipshared/ec67/hdl/axi_infrastructure_v1_1_vl_rfs.v:473]
INFO: [Synth 8-6155] done synthesizing module 'axi_infrastructure_v1_1_0_vector2axi__parameterized0' (0#1) [c:/Users/alumn/Documents/UNSAM/PFI/TDC/Full_TDC_Project/Arty_TDC_v05/Arty_TDC_v05.gen/sources_1/bd/system/ipshared/ec67/hdl/axi_infrastructure_v1_1_vl_rfs.v:473]
INFO: [Synth 8-6157] synthesizing module 'axi_register_slice_v2_1_29_axic_register_slice__parameterized3' [c:/Users/alumn/Documents/UNSAM/PFI/TDC/Full_TDC_Project/Arty_TDC_v05/Arty_TDC_v05.gen/sources_1/bd/system/ipshared/ff9f/hdl/axi_register_slice_v2_1_vl_rfs.v:1492]
INFO: [Synth 8-6155] done synthesizing module 'axi_register_slice_v2_1_29_axic_register_slice__parameterized3' (0#1) [c:/Users/alumn/Documents/UNSAM/PFI/TDC/Full_TDC_Project/Arty_TDC_v05/Arty_TDC_v05.gen/sources_1/bd/system/ipshared/ff9f/hdl/axi_register_slice_v2_1_vl_rfs.v:1492]
INFO: [Synth 8-6157] synthesizing module 'axi_register_slice_v2_1_29_axic_register_slice__parameterized4' [c:/Users/alumn/Documents/UNSAM/PFI/TDC/Full_TDC_Project/Arty_TDC_v05/Arty_TDC_v05.gen/sources_1/bd/system/ipshared/ff9f/hdl/axi_register_slice_v2_1_vl_rfs.v:1492]
INFO: [Synth 8-6155] done synthesizing module 'axi_register_slice_v2_1_29_axic_register_slice__parameterized4' (0#1) [c:/Users/alumn/Documents/UNSAM/PFI/TDC/Full_TDC_Project/Arty_TDC_v05/Arty_TDC_v05.gen/sources_1/bd/system/ipshared/ff9f/hdl/axi_register_slice_v2_1_vl_rfs.v:1492]
INFO: [Synth 8-6155] done synthesizing module 'axi_register_slice_v2_1_29_axi_register_slice__parameterized0' (0#1) [c:/Users/alumn/Documents/UNSAM/PFI/TDC/Full_TDC_Project/Arty_TDC_v05/Arty_TDC_v05.gen/sources_1/bd/system/ipshared/ff9f/hdl/axi_register_slice_v2_1_vl_rfs.v:3718]
WARNING: [Synth 8-7071] port 'aclk2x' of module 'axi_register_slice_v2_1_29_axi_register_slice' is unconnected for instance 'si_register_slice_inst' [c:/Users/alumn/Documents/UNSAM/PFI/TDC/Full_TDC_Project/Arty_TDC_v05/Arty_TDC_v05.gen/sources_1/bd/system/ipshared/670d/hdl/axi_dwidth_converter_v2_1_vlsyn_rfs.v:7367]
WARNING: [Synth 8-7023] instance 'si_register_slice_inst' of module 'axi_register_slice_v2_1_29_axi_register_slice' has 93 connections declared, but only 92 given [c:/Users/alumn/Documents/UNSAM/PFI/TDC/Full_TDC_Project/Arty_TDC_v05/Arty_TDC_v05.gen/sources_1/bd/system/ipshared/670d/hdl/axi_dwidth_converter_v2_1_vlsyn_rfs.v:7367]
INFO: [Synth 8-6155] done synthesizing module 'axi_dwidth_converter_v2_1_29_axi_upsizer' (0#1) [c:/Users/alumn/Documents/UNSAM/PFI/TDC/Full_TDC_Project/Arty_TDC_v05/Arty_TDC_v05.gen/sources_1/bd/system/ipshared/670d/hdl/axi_dwidth_converter_v2_1_vlsyn_rfs.v:7025]
INFO: [Synth 8-6155] done synthesizing module 'axi_dwidth_converter_v2_1_29_top' (0#1) [c:/Users/alumn/Documents/UNSAM/PFI/TDC/Full_TDC_Project/Arty_TDC_v05/Arty_TDC_v05.gen/sources_1/bd/system/ipshared/670d/hdl/axi_dwidth_converter_v2_1_vlsyn_rfs.v:14446]
INFO: [Synth 8-6155] done synthesizing module 'system_auto_us_0' (0#1) [c:/Users/alumn/Documents/UNSAM/PFI/TDC/Full_TDC_Project/Arty_TDC_v05/Arty_TDC_v05.gen/sources_1/bd/system/ip/system_auto_us_0/synth/system_auto_us_0.v:53]
WARNING: [Synth 8-7129] Port m_axi_buser[0] in module axi_infrastructure_v1_1_0_vector2axi__parameterized0 is either unconnected or has no load
WARNING: [Synth 8-7129] Port m_axi_ruser[0] in module axi_infrastructure_v1_1_0_vector2axi__parameterized0 is either unconnected or has no load
WARNING: [Synth 8-7129] Port s_axi_awuser[0] in module axi_infrastructure_v1_1_0_axi2vector__parameterized0 is either unconnected or has no load
WARNING: [Synth 8-7129] Port s_axi_wid[0] in module axi_infrastructure_v1_1_0_axi2vector__parameterized0 is either unconnected or has no load
WARNING: [Synth 8-7129] Port s_axi_wuser[0] in module axi_infrastructure_v1_1_0_axi2vector__parameterized0 is either unconnected or has no load
WARNING: [Synth 8-7129] Port s_axi_aruser[0] in module axi_infrastructure_v1_1_0_axi2vector__parameterized0 is either unconnected or has no load
WARNING: [Synth 8-7129] Port aclk2x in module axi_register_slice_v2_1_29_axi_register_slice__parameterized0 is either unconnected or has no load
WARNING: [Synth 8-7129] Port cmd_id_ready in module axi_dwidth_converter_v2_1_29_a_upsizer__parameterized0 is either unconnected or has no load
WARNING: [Synth 8-7129] Port S_AXI_AID[0] in module axi_dwidth_converter_v2_1_29_a_upsizer__parameterized0 is either unconnected or has no load
WARNING: [Synth 8-7129] Port m_axi_buser[0] in module axi_infrastructure_v1_1_0_vector2axi is either unconnected or has no load
WARNING: [Synth 8-7129] Port m_axi_ruser[0] in module axi_infrastructure_v1_1_0_vector2axi is either unconnected or has no load
WARNING: [Synth 8-7129] Port s_axi_awuser[0] in module axi_infrastructure_v1_1_0_axi2vector is either unconnected or has no load
WARNING: [Synth 8-7129] Port s_axi_wid[0] in module axi_infrastructure_v1_1_0_axi2vector is either unconnected or has no load
WARNING: [Synth 8-7129] Port s_axi_wuser[0] in module axi_infrastructure_v1_1_0_axi2vector is either unconnected or has no load
WARNING: [Synth 8-7129] Port s_axi_aruser[0] in module axi_infrastructure_v1_1_0_axi2vector is either unconnected or has no load
WARNING: [Synth 8-7129] Port aclk2x in module axi_register_slice_v2_1_29_axi_register_slice is either unconnected or has no load
WARNING: [Synth 8-7129] Port cmd_id_ready in module axi_dwidth_converter_v2_1_29_a_upsizer is either unconnected or has no load
WARNING: [Synth 8-7129] Port S_AXI_AID[0] in module axi_dwidth_converter_v2_1_29_a_upsizer is either unconnected or has no load
WARNING: [Synth 8-7129] Port s_axi_awlock[1] in module axi_dwidth_converter_v2_1_29_axi_upsizer is either unconnected or has no load
WARNING: [Synth 8-7129] Port s_axi_arlock[1] in module axi_dwidth_converter_v2_1_29_axi_upsizer is either unconnected or has no load
WARNING: [Synth 8-7129] Port m_axi_aresetn in module axi_dwidth_converter_v2_1_29_axi_upsizer is either unconnected or has no load
WARNING: [Synth 8-7129] Port m_axi_aclk in module axi_dwidth_converter_v2_1_29_axi_upsizer is either unconnected or has no load
---------------------------------------------------------------------------------
Finished RTL Elaboration : Time (s): cpu = 00:00:21 ; elapsed = 00:00:22 . Memory (MB): peak = 1677.656 ; gain = 703.520
---------------------------------------------------------------------------------
---------------------------------------------------------------------------------
Start Handling Custom Attributes
---------------------------------------------------------------------------------
---------------------------------------------------------------------------------
Finished Handling Custom Attributes : Time (s): cpu = 00:00:21 ; elapsed = 00:00:22 . Memory (MB): peak = 1677.656 ; gain = 703.520
---------------------------------------------------------------------------------
---------------------------------------------------------------------------------
Finished RTL Optimization Phase 1 : Time (s): cpu = 00:00:21 ; elapsed = 00:00:22 . Memory (MB): peak = 1677.656 ; gain = 703.520
---------------------------------------------------------------------------------
Netlist sorting complete. Time (s): cpu = 00:00:00 ; elapsed = 00:00:00.108 . Memory (MB): peak = 1677.656 ; gain = 0.000
INFO: [Project 1-570] Preparing netlist for logic optimization

Processing XDC Constraints
Initializing timing engine
Parsing XDC File [c:/Users/alumn/Documents/UNSAM/PFI/TDC/Full_TDC_Project/Arty_TDC_v05/Arty_TDC_v05.gen/sources_1/bd/system/ip/system_auto_us_0/system_auto_us_0_ooc.xdc] for cell 'inst'
Finished Parsing XDC File [c:/Users/alumn/Documents/UNSAM/PFI/TDC/Full_TDC_Project/Arty_TDC_v05/Arty_TDC_v05.gen/sources_1/bd/system/ip/system_auto_us_0/system_auto_us_0_ooc.xdc] for cell 'inst'
Parsing XDC File [C:/Users/alumn/Documents/UNSAM/PFI/TDC/Full_TDC_Project/Arty_TDC_v05/Arty_TDC_v05.runs/system_auto_us_0_synth_1/dont_touch.xdc]
Finished Parsing XDC File [C:/Users/alumn/Documents/UNSAM/PFI/TDC/Full_TDC_Project/Arty_TDC_v05/Arty_TDC_v05.runs/system_auto_us_0_synth_1/dont_touch.xdc]
Completed Processing XDC Constraints

Netlist sorting complete. Time (s): cpu = 00:00:00 ; elapsed = 00:00:00.002 . Memory (MB): peak = 1763.559 ; gain = 0.000
INFO: [Project 1-111] Unisim Transformation Summary:
No Unisim elements were transformed.

The system cannot find the path specified.
Constraint Validation Runtime : Time (s): cpu = 00:00:00 ; elapsed = 00:00:00.141 . Memory (MB): peak = 1763.574 ; gain = 0.016
INFO: [Designutils 20-5008] Incremental synthesis strategy off
---------------------------------------------------------------------------------
Finished Constraint Validation : Time (s): cpu = 00:00:33 ; elapsed = 00:00:35 . Memory (MB): peak = 1763.574 ; gain = 789.438
---------------------------------------------------------------------------------
---------------------------------------------------------------------------------
Start Loading Part and Timing Information
---------------------------------------------------------------------------------
Loading part: xc7a35ticsg324-1L
---------------------------------------------------------------------------------
Finished Loading Part and Timing Information : Time (s): cpu = 00:00:33 ; elapsed = 00:00:35 . Memory (MB): peak = 1763.574 ; gain = 789.438
---------------------------------------------------------------------------------
---------------------------------------------------------------------------------
Start Applying 'set_property' XDC Constraints
---------------------------------------------------------------------------------
Applied set_property KEEP_HIERARCHY = SOFT for inst. (constraint file  C:/Users/alumn/Documents/UNSAM/PFI/TDC/Full_TDC_Project/Arty_TDC_v05/Arty_TDC_v05.runs/system_auto_us_0_synth_1/dont_touch.xdc, line 9).
---------------------------------------------------------------------------------
Finished applying 'set_property' XDC Constraints : Time (s): cpu = 00:00:33 ; elapsed = 00:00:35 . Memory (MB): peak = 1763.574 ; gain = 789.438
---------------------------------------------------------------------------------
---------------------------------------------------------------------------------
Finished RTL Optimization Phase 2 : Time (s): cpu = 00:00:35 ; elapsed = 00:00:37 . Memory (MB): peak = 1763.574 ; gain = 789.438
---------------------------------------------------------------------------------
---------------------------------------------------------------------------------
Start RTL Component Statistics 
---------------------------------------------------------------------------------
Detailed RTL Component Info : 
+---Adders : 
	   2 Input    8 Bit       Adders := 4     
	   2 Input    6 Bit       Adders := 1     
	   2 Input    5 Bit       Adders := 4     
	   2 Input    4 Bit       Adders := 4     
+---Registers : 
	              145 Bit    Registers := 2     
	              132 Bit    Registers := 2     
	              128 Bit    Registers := 1     
	               62 Bit    Registers := 4     
	               37 Bit    Registers := 2     
	               36 Bit    Registers := 2     
	               35 Bit    Registers := 2     
	                8 Bit    Registers := 34    
	                5 Bit    Registers := 2     
	                4 Bit    Registers := 4     
	                3 Bit    Registers := 2     
	                2 Bit    Registers := 11    
	                1 Bit    Registers := 69    
+---Muxes : 
	   2 Input  145 Bit        Muxes := 2     
	   2 Input  132 Bit        Muxes := 2     
	   2 Input   37 Bit        Muxes := 2     
	   2 Input   36 Bit        Muxes := 2     
	   2 Input   32 Bit        Muxes := 7     
	   4 Input   32 Bit        Muxes := 2     
	   2 Input    8 Bit        Muxes := 38    
	   8 Input    8 Bit        Muxes := 4     
	   2 Input    4 Bit        Muxes := 9     
	   8 Input    4 Bit        Muxes := 6     
	   2 Input    3 Bit        Muxes := 2     
	   2 Input    2 Bit        Muxes := 7     
	   2 Input    1 Bit        Muxes := 99    
---------------------------------------------------------------------------------
Finished RTL Component Statistics 
---------------------------------------------------------------------------------
---------------------------------------------------------------------------------
Start Part Resource Summary
---------------------------------------------------------------------------------
Part Resources:
DSPs: 90 (col length:60)
BRAMs: 100 (col length: RAMB18 60 RAMB36 30)
---------------------------------------------------------------------------------
Finished Part Resource Summary
---------------------------------------------------------------------------------
---------------------------------------------------------------------------------
Start Cross Boundary and Area Optimization
---------------------------------------------------------------------------------
WARNING: [Synth 8-7080] Parallel synthesis criteria is not met
WARNING: [Synth 8-7129] Port aclk2x in module axi_register_slice_v2_1_29_axi_register_slice__parameterized0 is either unconnected or has no load
WARNING: [Synth 8-7129] Port s_axi_awuser[0] in module axi_register_slice_v2_1_29_axi_register_slice__parameterized0 is either unconnected or has no load
WARNING: [Synth 8-7129] Port s_axi_wid[0] in module axi_register_slice_v2_1_29_axi_register_slice__parameterized0 is either unconnected or has no load
WARNING: [Synth 8-7129] Port s_axi_wuser[0] in module axi_register_slice_v2_1_29_axi_register_slice__parameterized0 is either unconnected or has no load
WARNING: [Synth 8-7129] Port s_axi_aruser[0] in module axi_register_slice_v2_1_29_axi_register_slice__parameterized0 is either unconnected or has no load
WARNING: [Synth 8-7129] Port m_axi_buser[0] in module axi_register_slice_v2_1_29_axi_register_slice__parameterized0 is either unconnected or has no load
WARNING: [Synth 8-7129] Port m_axi_ruser[0] in module axi_register_slice_v2_1_29_axi_register_slice__parameterized0 is either unconnected or has no load
WARNING: [Synth 8-7129] Port cmd_id_ready in module axi_dwidth_converter_v2_1_29_a_upsizer__parameterized0 is either unconnected or has no load
WARNING: [Synth 8-7129] Port S_AXI_AID[0] in module axi_dwidth_converter_v2_1_29_a_upsizer__parameterized0 is either unconnected or has no load
WARNING: [Synth 8-7129] Port aclk2x in module axi_register_slice_v2_1_29_axi_register_slice is either unconnected or has no load
WARNING: [Synth 8-7129] Port s_axi_awuser[0] in module axi_register_slice_v2_1_29_axi_register_slice is either unconnected or has no load
WARNING: [Synth 8-7129] Port s_axi_wid[0] in module axi_register_slice_v2_1_29_axi_register_slice is either unconnected or has no load
WARNING: [Synth 8-7129] Port s_axi_wuser[0] in module axi_register_slice_v2_1_29_axi_register_slice is either unconnected or has no load
WARNING: [Synth 8-7129] Port s_axi_aruser[0] in module axi_register_slice_v2_1_29_axi_register_slice is either unconnected or has no load
WARNING: [Synth 8-7129] Port m_axi_buser[0] in module axi_register_slice_v2_1_29_axi_register_slice is either unconnected or has no load
WARNING: [Synth 8-7129] Port m_axi_ruser[0] in module axi_register_slice_v2_1_29_axi_register_slice is either unconnected or has no load
WARNING: [Synth 8-7129] Port cmd_id_ready in module axi_dwidth_converter_v2_1_29_a_upsizer is either unconnected or has no load
WARNING: [Synth 8-7129] Port S_AXI_AID[0] in module axi_dwidth_converter_v2_1_29_a_upsizer is either unconnected or has no load
WARNING: [Synth 8-7129] Port s_axi_awlock[1] in module axi_dwidth_converter_v2_1_29_axi_upsizer is either unconnected or has no load
WARNING: [Synth 8-7129] Port s_axi_arlock[1] in module axi_dwidth_converter_v2_1_29_axi_upsizer is either unconnected or has no load
WARNING: [Synth 8-7129] Port m_axi_aresetn in module axi_dwidth_converter_v2_1_29_axi_upsizer is either unconnected or has no load
WARNING: [Synth 8-7129] Port m_axi_aclk in module axi_dwidth_converter_v2_1_29_axi_upsizer is either unconnected or has no load
---------------------------------------------------------------------------------
Finished Cross Boundary and Area Optimization : Time (s): cpu = 00:00:44 ; elapsed = 00:00:46 . Memory (MB): peak = 1763.574 ; gain = 789.438
---------------------------------------------------------------------------------
---------------------------------------------------------------------------------
Start Applying XDC Timing Constraints
---------------------------------------------------------------------------------
---------------------------------------------------------------------------------
Finished Applying XDC Timing Constraints : Time (s): cpu = 00:00:49 ; elapsed = 00:00:52 . Memory (MB): peak = 1763.574 ; gain = 789.438
---------------------------------------------------------------------------------
---------------------------------------------------------------------------------
Start Timing Optimization
---------------------------------------------------------------------------------
---------------------------------------------------------------------------------
Finished Timing Optimization : Time (s): cpu = 00:00:50 ; elapsed = 00:00:53 . Memory (MB): peak = 1763.574 ; gain = 789.438
---------------------------------------------------------------------------------
---------------------------------------------------------------------------------
Start Technology Mapping
---------------------------------------------------------------------------------
---------------------------------------------------------------------------------
Finished Technology Mapping : Time (s): cpu = 00:00:51 ; elapsed = 00:00:53 . Memory (MB): peak = 1763.574 ; gain = 789.438
---------------------------------------------------------------------------------
---------------------------------------------------------------------------------
Start IO Insertion
---------------------------------------------------------------------------------
---------------------------------------------------------------------------------
Start Flattening Before IO Insertion
---------------------------------------------------------------------------------
---------------------------------------------------------------------------------
Finished Flattening Before IO Insertion
---------------------------------------------------------------------------------
---------------------------------------------------------------------------------
Start Final Netlist Cleanup
---------------------------------------------------------------------------------
---------------------------------------------------------------------------------
Finished Final Netlist Cleanup
---------------------------------------------------------------------------------
---------------------------------------------------------------------------------
Finished IO Insertion : Time (s): cpu = 00:00:57 ; elapsed = 00:00:59 . Memory (MB): peak = 1763.574 ; gain = 789.438
---------------------------------------------------------------------------------
---------------------------------------------------------------------------------
Start Renaming Generated Instances
---------------------------------------------------------------------------------
---------------------------------------------------------------------------------
Finished Renaming Generated Instances : Time (s): cpu = 00:00:57 ; elapsed = 00:00:59 . Memory (MB): peak = 1763.574 ; gain = 789.438
---------------------------------------------------------------------------------
---------------------------------------------------------------------------------
Start Rebuilding User Hierarchy
---------------------------------------------------------------------------------
---------------------------------------------------------------------------------
Finished Rebuilding User Hierarchy : Time (s): cpu = 00:00:57 ; elapsed = 00:00:59 . Memory (MB): peak = 1763.574 ; gain = 789.438
---------------------------------------------------------------------------------
---------------------------------------------------------------------------------
Start Renaming Generated Ports
---------------------------------------------------------------------------------
---------------------------------------------------------------------------------
Finished Renaming Generated Ports : Time (s): cpu = 00:00:57 ; elapsed = 00:00:59 . Memory (MB): peak = 1763.574 ; gain = 789.438
---------------------------------------------------------------------------------
---------------------------------------------------------------------------------
Start Handling Custom Attributes
---------------------------------------------------------------------------------
---------------------------------------------------------------------------------
Finished Handling Custom Attributes : Time (s): cpu = 00:00:57 ; elapsed = 00:00:59 . Memory (MB): peak = 1763.574 ; gain = 789.438
---------------------------------------------------------------------------------
---------------------------------------------------------------------------------
Start Renaming Generated Nets
---------------------------------------------------------------------------------
---------------------------------------------------------------------------------
Finished Renaming Generated Nets : Time (s): cpu = 00:00:57 ; elapsed = 00:00:59 . Memory (MB): peak = 1763.574 ; gain = 789.438
---------------------------------------------------------------------------------
---------------------------------------------------------------------------------
Start ROM, RAM, DSP, Shift Register and Retiming Reporting
---------------------------------------------------------------------------------

Dynamic Shift Register Report:
+------------+-------------------------------+--------+------------+--------+---------+--------+--------+--------+
|Module Name | RTL Name                      | Length | Data Width | SRL16E | SRLC32E | Mux F7 | Mux F8 | Mux F9 | 
+------------+-------------------------------+--------+------------+--------+---------+--------+--------+--------+
|dsrl        | USE_RTL_FIFO.data_srl_reg[31] | 35     | 35         | 0      | 35      | 0      | 0      | 0      | 
|dsrl__2     | USE_RTL_FIFO.data_srl_reg[31] | 35     | 35         | 0      | 35      | 0      | 0      | 0      | 
+------------+-------------------------------+--------+------------+--------+---------+--------+--------+--------+

---------------------------------------------------------------------------------
Finished ROM, RAM, DSP, Shift Register and Retiming Reporting
---------------------------------------------------------------------------------
---------------------------------------------------------------------------------
Start Writing Synthesis Report
---------------------------------------------------------------------------------

Report BlackBoxes: 
+-+--------------+----------+
| |BlackBox name |Instances |
+-+--------------+----------+
+-+--------------+----------+

Report Cell Usage: 
+------+--------+------+
|      |Cell    |Count |
+------+--------+------+
|1     |CARRY4  |     2|
|2     |LUT1    |     4|
|3     |LUT2    |    41|
|4     |LUT3    |   187|
|5     |LUT4    |    72|
|6     |LUT5    |   223|
|7     |LUT6    |   250|
|8     |MUXF7   |    32|
|9     |SRLC32E |    66|
|10    |FDRE    |   931|
|11    |FDSE    |     4|
+------+--------+------+
---------------------------------------------------------------------------------
Finished Writing Synthesis Report : Time (s): cpu = 00:00:57 ; elapsed = 00:00:59 . Memory (MB): peak = 1763.574 ; gain = 789.438
---------------------------------------------------------------------------------
Synthesis finished with 0 errors, 0 critical warnings and 23 warnings.
Synthesis Optimization Runtime : Time (s): cpu = 00:00:33 ; elapsed = 00:00:56 . Memory (MB): peak = 1763.574 ; gain = 703.520
Synthesis Optimization Complete : Time (s): cpu = 00:00:57 ; elapsed = 00:01:00 . Memory (MB): peak = 1763.574 ; gain = 789.438
INFO: [Project 1-571] Translating synthesized netlist
Netlist sorting complete. Time (s): cpu = 00:00:00 ; elapsed = 00:00:00.061 . Memory (MB): peak = 1763.574 ; gain = 0.000
INFO: [Netlist 29-17] Analyzing 34 Unisim elements for replacement
INFO: [Netlist 29-28] Unisim Transformation completed in 1 CPU seconds
INFO: [Project 1-570] Preparing netlist for logic optimization
INFO: [Opt 31-138] Pushed 0 inverter(s) to 0 load pin(s).
Netlist sorting complete. Time (s): cpu = 00:00:00 ; elapsed = 00:00:00 . Memory (MB): peak = 1763.574 ; gain = 0.000
INFO: [Project 1-111] Unisim Transformation Summary:
No Unisim elements were transformed.

The system cannot find the path specified.
Synth Design complete | Checksum: f26caee6
INFO: [Common 17-83] Releasing license: Synthesis
59 Infos, 50 Warnings, 0 Critical Warnings and 0 Errors encountered.
synth_design completed successfully
synth_design: Time (s): cpu = 00:01:02 ; elapsed = 00:01:06 . Memory (MB): peak = 1763.574 ; gain = 1183.711
Write ShapeDB Complete: Time (s): cpu = 00:00:00 ; elapsed = 00:00:00.004 . Memory (MB): peak = 1763.574 ; gain = 0.000
INFO: [Common 17-1381] The checkpoint 'C:/Users/alumn/Documents/UNSAM/PFI/TDC/Full_TDC_Project/Arty_TDC_v05/Arty_TDC_v05.runs/system_auto_us_0_synth_1/system_auto_us_0.dcp' has been generated.
INFO: [Coretcl 2-1648] Added synthesis output to IP cache for IP system_auto_us_0, cache-ID = ea4d6b1c088298a8
INFO: [Coretcl 2-1174] Renamed 13 cell refs.
Write ShapeDB Complete: Time (s): cpu = 00:00:00 ; elapsed = 00:00:00.004 . Memory (MB): peak = 1763.574 ; gain = 0.000
INFO: [Common 17-1381] The checkpoint 'C:/Users/alumn/Documents/UNSAM/PFI/TDC/Full_TDC_Project/Arty_TDC_v05/Arty_TDC_v05.runs/system_auto_us_0_synth_1/system_auto_us_0.dcp' has been generated.
INFO: [runtcl-4] Executing : report_utilization -file system_auto_us_0_utilization_synth.rpt -pb system_auto_us_0_utilization_synth.pb
INFO: [Common 17-206] Exiting Vivado at Wed Jun  4 11:51:24 2025...
